<?xml version="1.0" encoding="UTF-8"?>
<testng-results skipped="0" failed="0" ignored="0" total="1" passed="1">
  <reporter-output>
  </reporter-output>
  <suite name="Suite" duration-ms="19922" started-at="2017-10-20T03:58:55Z" finished-at="2017-10-20T03:59:15Z">
    <groups>
    </groups>
    <test name="Test" duration-ms="19922" started-at="2017-10-20T03:58:55Z" finished-at="2017-10-20T03:59:15Z">
      <class name="com.test.JenkinTest1.Test1">
        <test-method status="PASS" signature="test1()[pri:0, instance:com.test.JenkinTest1.Test1@1e01f19]" name="test1" duration-ms="19881" started-at="2017-10-20T09:28:55Z" finished-at="2017-10-20T09:29:15Z">
          <reporter-output>
          </reporter-output>
        </test-method> <!-- test1 -->
      </class> <!-- com.test.JenkinTest1.Test1 -->
    </test> <!-- Test -->
  </suite> <!-- Suite -->
</testng-results>
