<?xml version="1.0" encoding="UTF-8"?>
<testng-results skipped="0" failed="0" ignored="0" total="1" passed="1">
  <reporter-output>
  </reporter-output>
  <suite name="Suite" duration-ms="20381" started-at="2017-10-19T17:02:57Z" finished-at="2017-10-19T17:03:17Z">
    <groups>
    </groups>
    <test name="Test" duration-ms="20381" started-at="2017-10-19T17:02:57Z" finished-at="2017-10-19T17:03:17Z">
      <class name="com.test.JenkinTest1.Test1">
        <test-method status="PASS" signature="test1()[pri:0, instance:com.test.JenkinTest1.Test1@1bac50f]" name="test1" duration-ms="20342" started-at="2017-10-19T22:32:57Z" finished-at="2017-10-19T22:33:17Z">
          <reporter-output>
          </reporter-output>
        </test-method> <!-- test1 -->
      </class> <!-- com.test.JenkinTest1.Test1 -->
    </test> <!-- Test -->
  </suite> <!-- Suite -->
</testng-results>
